{
  "RSpec": {
    "coverage": {
      "/Users/jameswhite/Desktop/Turing/1moda/final_project_mod1/spec/dictionary_spec.rb": {
        "lines": [
          1,
          1,
          1,
          1,
          6,
          null,
          1,
          1,
          null,
          null,
          1,
          1,
          1,
          null,
          null,
          null,
          1,
          1,
          null,
          null,
          null,
          1,
          1,
          1,
          null,
          null,
          null,
          null,
          1,
          1,
          1,
          null,
          null,
          null,
          null,
          null,
          null,
          null,
          null,
          null,
          null,
          null,
          null,
          null,
          null,
          null,
          null,
          null,
          1,
          null,
          null,
          null,
          1,
          1,
          null,
          null,
          null,
          null,
          null,
          null,
          null,
          null,
          null,
          null,
          null,
          null,
          null,
          null,
          null,
          null,
          null,
          null,
          null,
          null,
          null,
          null
        ]
      },
      "/Users/jameswhite/Desktop/Turing/1moda/final_project_mod1/lib/dictionary.rb": {
        "lines": [
          1,
          1,
          1,
          null,
          6,
          null,
          null,
          null,
          null,
          null,
          null,
          null,
          null,
          null,
          null,
          null,
          null,
          null,
          null,
          null,
          null,
          null,
          null,
          null,
          null,
          null,
          null,
          null,
          null,
          null,
          null,
          null,
          6,
          null,
          null,
          null,
          1,
          5,
          5,
          5,
          131,
          3537,
          131,
          null,
          null,
          null,
          5,
          null,
          null,
          1,
          1,
          1,
          1,
          1,
          1,
          1,
          107,
          107,
          107,
          null,
          1,
          6,
          6,
          null,
          null,
          null,
          1,
          null,
          null,
          1,
          1,
          1,
          1,
          27,
          null,
          null,
          null,
          null,
          1,
          1,
          1,
          18,
          null,
          null,
          null,
          null,
          null,
          null
        ]
      }
    },
    "timestamp": 1664323067
  }
}
